Compiled application.js  (3ms)  (pid 7488)
Compiled jquery.js  (2ms)  (pid 7488)
Compiled jquery_ujs.js  (0ms)  (pid 7488)
Compiled rconcept.js  (137ms)  (pid 7488)
Compiled application.css  (1ms)  (pid 7488)
Compiled rconcept.css  (6ms)  (pid 7488)
Compiled application.js  (2ms)  (pid 7478)
Compiled jquery.js  (2ms)  (pid 7478)
Compiled jquery_ujs.js  (0ms)  (pid 7478)
Compiled rconcept.js  (122ms)  (pid 7478)
Compiled application.css  (1ms)  (pid 7478)
Compiled rconcept.css  (8ms)  (pid 7478)
Compiled application.js  (3ms)  (pid 13057)
Compiled jquery.js  (31ms)  (pid 13057)
Compiled jquery_ujs.js  (0ms)  (pid 13057)
Compiled rconcept.js  (90ms)  (pid 13057)
Compiled application.css  (1ms)  (pid 13057)
Compiled rconcept.css  (7ms)  (pid 13057)
Compiled application.js  (2ms)  (pid 13047)
Compiled jquery.js  (31ms)  (pid 13047)
Compiled jquery_ujs.js  (0ms)  (pid 13047)
Compiled rconcept.js  (358ms)  (pid 13047)
Compiled application.css  (25ms)  (pid 13047)
Compiled rconcept.css  (143ms)  (pid 13047)
Compiled application.js  (5ms)  (pid 2974)
Compiled lightbox/jquery.js  (0ms)  (pid 2974)
Compiled lightbox/lightbox.js  (0ms)  (pid 2974)
Compiled jquery.js  (3ms)  (pid 2974)
Compiled jquery_ujs.js  (0ms)  (pid 2974)
Compiled rconcept.js  (120ms)  (pid 2974)
Compiled application.css  (3ms)  (pid 2974)
Compiled lightbox/lightbox.css  (0ms)  (pid 2974)
Compiled rconcept.css  (9ms)  (pid 2974)
Compiled application.js  (8ms)  (pid 2964)
Compiled lightbox/jquery.js  (26ms)  (pid 2964)
Compiled lightbox/lightbox.js  (17ms)  (pid 2964)
Compiled jquery.js  (19ms)  (pid 2964)
Compiled jquery_ujs.js  (1ms)  (pid 2964)
Compiled rconcept.js  (382ms)  (pid 2964)
Compiled application.css  (2ms)  (pid 2964)
Compiled lightbox/lightbox.css  (21ms)  (pid 2964)
Compiled rconcept.css  (35ms)  (pid 2964)
